d:\projects\publicscholar\publicscholar\debug\vc120.pdb
d:\projects\publicscholar\publicscholar\debug\vc120.idb
d:\projects\publicscholar\publicscholar\debug\doi.obj
d:\projects\publicscholar\publicscholar\debug\entry.obj
d:\projects\publicscholar\publicscholar\debug\entrybuilder.obj
d:\projects\publicscholar\publicscholar\debug\entrystore.obj
d:\projects\publicscholar\publicscholar\debug\fieldbuilder.obj
d:\projects\publicscholar\publicscholar\debug\issn.obj
d:\projects\publicscholar\publicscholar\debug\journal.obj
d:\projects\publicscholar\publicscholar\debug\keyvaluepair.obj
d:\projects\publicscholar\publicscholar\debug\month.obj
d:\projects\publicscholar\publicscholar\debug\number.obj
d:\projects\publicscholar\publicscholar\debug\pages.obj
d:\projects\publicscholar\publicscholar\debug\publicscholar.obj
d:\projects\publicscholar\publicscholar\debug\bibliographic.obj
d:\projects\publicscholar\publicscholar\debug\string.obj
d:\projects\publicscholar\publicscholar\debug\title.obj
d:\projects\publicscholar\publicscholar\debug\url.obj
d:\projects\publicscholar\publicscholar\debug\urldate.obj
d:\projects\publicscholar\publicscholar\debug\userinterface.obj
d:\projects\publicscholar\publicscholar\debug\volume.obj
d:\projects\publicscholar\publicscholar\debug\year.obj
d:\projects\publicscholar\publicscholar\debug\author.obj
d:\projects\publicscholar\publicscholar\debug\bibliographicarray.obj
d:\projects\publicscholar\publicscholar\debug\bibliographicnumber.obj
d:\projects\publicscholar\publicscholar\debug\bibliographicstring.obj
d:\projects\publicscholar\debug\publicscholar.ilk
d:\projects\publicscholar\debug\publicscholar.exe
d:\projects\publicscholar\debug\publicscholar.pdb
d:\projects\publicscholar\publicscholar\debug\publicscholar.tlog\cl.command.1.tlog
d:\projects\publicscholar\publicscholar\debug\publicscholar.tlog\cl.read.1.tlog
d:\projects\publicscholar\publicscholar\debug\publicscholar.tlog\cl.write.1.tlog
d:\projects\publicscholar\publicscholar\debug\publicscholar.tlog\link.command.1.tlog
d:\projects\publicscholar\publicscholar\debug\publicscholar.tlog\link.read.1.tlog
d:\projects\publicscholar\publicscholar\debug\publicscholar.tlog\link.write.1.tlog
